  Skeleton.cpp
Skeleton.cpp(541): warning C4244: 'argument': conversion from 'double' to 'float', possible loss of data
Skeleton.cpp(673): warning C4018: '<': signed/unsigned mismatch
Skeleton.cpp(721): warning C4244: 'initializing': conversion from 'double' to 'float', possible loss of data
Skeleton.cpp(722): warning C4244: 'initializing': conversion from 'double' to 'float', possible loss of data
Skeleton.cpp(797): warning C4305: '+=': truncation from 'double' to 'float'
Skeleton.cpp(798): warning C4305: '+=': truncation from 'double' to 'float'
Skeleton.cpp(813): warning C4244: '=': conversion from 'double' to 'float', possible loss of data
Skeleton.cpp(814): warning C4244: '=': conversion from 'double' to 'float', possible loss of data
Skeleton.cpp(815): warning C4244: '=': conversion from 'double' to 'float', possible loss of data
Skeleton.cpp(816): warning C4244: '=': conversion from 'double' to 'float', possible loss of data
Skeleton.cpp(899): warning C4244: 'initializing': conversion from 'double' to 'float', possible loss of data
Skeleton.cpp(1044): warning C4305: '+=': truncation from 'double' to 'float'
Skeleton.cpp(1045): warning C4305: '-=': truncation from 'double' to 'float'
Skeleton.cpp(1047): warning C4305: '+=': truncation from 'double' to 'float'
Skeleton.cpp(1048): warning C4305: '-=': truncation from 'double' to 'float'
Skeleton.cpp(1050): warning C4305: '+=': truncation from 'double' to 'float'
Skeleton.cpp(1051): warning C4305: '-=': truncation from 'double' to 'float'
  Generating code
  3 of 140 functions ( 2.1%) were compiled, the rest were copied from previous compilation.
    0 functions were new in current compilation
    12 functions had inline decision re-evaluated but remain unchanged
  Finished generating code
  Skeleton.vcxproj -> C:\Users\Zsolt\Documents\egyetemi\Grafika\Grafika2017osz\openglh\Programs\Skeleton\bin\Skeleton.exe
  Skeleton.vcxproj -> C:\Users\Zsolt\Documents\egyetemi\Grafika\Grafika2017osz\openglh\Programs\Skeleton\bin\Skeleton.pdb (Full PDB)
